<?xml version="1.0" encoding="UTF-8"?>
<testsuite xmlns:xsi="http://www.w3.org/2001/XMLSchema-instance" xsi:noNamespaceSchemaLocation="https://maven.apache.org/surefire/maven-surefire-plugin/xsd/surefire-test-report-3.0.xsd" version="3.0" name="TestSuite" time="1.975" tests="2" errors="0" skipped="0" failures="2">
  <properties>
[...]
</properties>
  <testcase name="testWithParam" classname="com.course.httpclient.TestMyGet" time="0.714">
    <failure message="expected [204] but found [200]" type="java.lang.AssertionError"><![CDATA[java.lang.AssertionError: expected [204] but found [200]
	at com.course.httpclient.TestMyGet.testWithParam(TestMyGet.java:60)
]]></failure>
  </testcase>
  <testcase name="testWithoutParam" classname="com.course.httpclient.TestMyGet" time="0.31">
    <failure message="expected [杩欐槸涓嶅甫鍙傛暟鐨刧et璇锋眰] but found [这是不带参数的get请求]" type="java.lang.AssertionError"><![CDATA[java.lang.AssertionError: expected [杩欐槸涓嶅甫鍙傛暟鐨刧et璇锋眰] but found [这是不带参数的get请求]
	at com.course.httpclient.TestMyGet.testWithoutParam(TestMyGet.java:45)
]]></failure>
  </testcase>
</testsuite>